#
# A fatal error has been detected by the Java Runtime Environment:
#
#  EXCEPTION_ACCESS_VIOLATION (0xc0000005) at pc=0x6d0b70d0, pid=5388, tid=2408
#
# JRE version: 6.0_26-b03
# Java VM: Java HotSpot(TM) Client VM (20.1-b02 mixed mode windows-x86 )
# Problematic frame:
# C  [awt.dll+0xb70d0]
#
# If you would like to submit a bug report, please visit:
#   http://java.sun.com/webapps/bugreport/crash.jsp
# The crash happened outside the Java Virtual Machine in native code.
# See problematic frame for where to report the bug.
#

---------------  T H R E A D  ---------------

Current thread (0x19051800):  JavaThread "AWT-Windows" daemon [_thread_in_native, id=2408, stack(0x19590000,0x195e0000)]

siginfo: ExceptionCode=0xc0000005, reading address 0x00000000

Registers:
EAX=0x195dfb28, EBX=0x1907eea8, ECX=0x000003c2, EDX=0x000000c0
ESP=0x195dfb10, EBP=0x00000000, ESI=0x00000000, EDI=0x000000c0
EIP=0x6d0b70d0, EFLAGS=0x00010206

Top of Stack: (sp=0x195dfb10)
0x195dfb10:   195dfb28 00001000 00000000 1907ec88
0x195dfb20:   00000001 195dfb18 195dfb1c 6d0aea9d
0x195dfb30:   00000000 00000000 1907ec88 6d0aeb6a
0x195dfb40:   00000000 1907ec88 00000001 6d0aec6e
0x195dfb50:   1907ec88 6d063c92 1904fe20 00000000
0x195dfb60:   6d0b0ba0 00000001 6d103f60 6d103940
0x195dfb70:   1904fe20 6d0b1fd2 6d103f58 6d0b21b9
0x195dfb80:   6d09aa03 00000000 77071450 00000968 

Instructions: (pc=0x6d0b70d0)
0x6d0b70b0:   d8 56 8b b3 10 a0 00 00 1b c0 57 25 00 f0 ff ff
0x6d0b70c0:   05 00 20 00 00 50 c1 e2 05 8d 44 24 14 50 8b fa
0x6d0b70d0:   8b 16 57 c1 e1 05 51 56 ff 52 2c 85 c0 0f 8c 93
0x6d0b70e0:   00 00 00 8b 53 04 8b cf 8b 7c 24 10 8b c1 c1 e9 


Register to memory mapping:

EAX=0x195dfb28 is pointing into the stack for thread: 0x19051800
EBX=0x1907eea8 is an unknown value
ECX=0x000003c2 is an unknown value
EDX=0x000000c0 is an unknown value
ESP=0x195dfb10 is pointing into the stack for thread: 0x19051800
EBP=0x00000000 is an unknown value
ESI=0x00000000 is an unknown value
EDI=0x000000c0 is an unknown value


Stack: [0x19590000,0x195e0000],  sp=0x195dfb10,  free space=318k
Native frames: (J=compiled Java code, j=interpreted, Vv=VM code, C=native code)
C  [awt.dll+0xb70d0]  D3DVertexCacher::Render+0x50

[error occurred during error reporting (printing native stack), id 0xc0000005]

Java frames: (J=compiled Java code, j=interpreted, Vv=VM code)
j  sun.awt.windows.WToolkit.eventLoop()V+0
j  sun.awt.windows.WToolkit.run()V+52
j  java.lang.Thread.run()V+11
v  ~StubRoutines::call_stub

---------------  P R O C E S S  ---------------

Java Threads: ( => current thread )
  0x191ac000 JavaThread "Thread-1" daemon [_thread_in_native, id=6988, stack(0x1b610000,0x1b660000)]
  0x19145400 JavaThread "TimerQueue" daemon [_thread_blocked, id=3284, stack(0x1d720000,0x1d770000)]
  0x004d9800 JavaThread "DestroyJavaVM" [_thread_blocked, id=5696, stack(0x00430000,0x00480000)]
  0x19098800 JavaThread "AWT-EventQueue-0" [_thread_blocked, id=1072, stack(0x1b700000,0x1b750000)]
=>0x19051800 JavaThread "AWT-Windows" daemon [_thread_in_native, id=2408, stack(0x19590000,0x195e0000)]
  0x19050c00 JavaThread "AWT-Shutdown" [_thread_blocked, id=4624, stack(0x19500000,0x19550000)]
  0x1904d400 JavaThread "Java2D Disposer" daemon [_thread_blocked, id=5512, stack(0x19470000,0x194c0000)]
  0x02580800 JavaThread "Low Memory Detector" daemon [_thread_blocked, id=1236, stack(0x18ef0000,0x18f40000)]
  0x0257e000 JavaThread "C1 CompilerThread0" daemon [_thread_blocked, id=3600, stack(0x18e00000,0x18e50000)]
  0x0256cc00 JavaThread "JDWP Command Reader" daemon [_thread_in_native, id=3160, stack(0x18d70000,0x18dc0000)]
  0x0256bc00 JavaThread "JDWP Event Helper Thread" daemon [_thread_blocked, id=5988, stack(0x18ce0000,0x18d30000)]
  0x02569800 JavaThread "JDWP Transport Listener: dt_socket" daemon [_thread_blocked, id=3156, stack(0x18a90000,0x18ae0000)]
  0x0255fc00 JavaThread "Attach Listener" daemon [_thread_blocked, id=2844, stack(0x18920000,0x18970000)]
  0x0255cc00 JavaThread "Signal Dispatcher" daemon [_thread_blocked, id=5520, stack(0x18890000,0x188e0000)]
  0x02530c00 JavaThread "Finalizer" daemon [_thread_blocked, id=2652, stack(0x18800000,0x18850000)]
  0x0252c000 JavaThread "Reference Handler" daemon [_thread_blocked, id=6140, stack(0x18770000,0x187c0000)]

Other Threads:
  0x02526c00 VMThread [stack: 0x01d70000,0x01dc0000] [id=4136]
  0x02584000 WatcherThread [stack: 0x18f80000,0x18fd0000] [id=5044]

VM state:not at safepoint (normal execution)

VM Mutex/Monitor currently owned by a thread: None

Heap
 def new generation   total 4992K, used 987K [0x04620000, 0x04b80000, 0x09b70000)
  eden space 4480K,  22% used [0x04620000, 0x04716c08, 0x04a80000)
  from space 512K,   0% used [0x04a80000, 0x04a80140, 0x04b00000)
  to   space 512K,   0% used [0x04b00000, 0x04b00000, 0x04b80000)
 tenured generation   total 10944K, used 5339K [0x09b70000, 0x0a620000, 0x14620000)
   the space 10944K,  48% used [0x09b70000, 0x0a0a6c00, 0x0a0a6c00, 0x0a620000)
 compacting perm gen  total 12288K, used 9834K [0x14620000, 0x15220000, 0x18620000)
   the space 12288K,  80% used [0x14620000, 0x14fbabf0, 0x14fbac00, 0x15220000)
No shared spaces configured.

Code Cache  [0x025a0000, 0x02728000, 0x045a0000)
 total_blobs=964 nmethods=757 adapters=150 free_code_cache=31966208 largest_free_block=320

Dynamic libraries:
0x00400000 - 0x00424000 	C:\Program Files (x86)\Java\jre6\bin\javaw.exe
0x77ae0000 - 0x77c60000 	C:\Windows\SysWOW64\ntdll.dll
0x77060000 - 0x77160000 	C:\Windows\syswow64\kernel32.dll
0x75710000 - 0x75756000 	C:\Windows\syswow64\KERNELBASE.dll
0x64d00000 - 0x64d34000 	C:\Program Files\Alwil Software\Avast5\snxhk.dll
0x76a40000 - 0x76ae0000 	C:\Windows\syswow64\ADVAPI32.dll
0x77600000 - 0x776ac000 	C:\Windows\syswow64\msvcrt.dll
0x77480000 - 0x77499000 	C:\Windows\SysWOW64\sechost.dll
0x75900000 - 0x759f0000 	C:\Windows\syswow64\RPCRT4.dll
0x75650000 - 0x756b0000 	C:\Windows\syswow64\SspiCli.dll
0x75640000 - 0x7564c000 	C:\Windows\syswow64\CRYPTBASE.dll
0x76d60000 - 0x76e60000 	C:\Windows\syswow64\USER32.dll
0x77320000 - 0x773b0000 	C:\Windows\syswow64\GDI32.dll
0x76bb0000 - 0x76bba000 	C:\Windows\syswow64\LPK.dll
0x77280000 - 0x7731d000 	C:\Windows\syswow64\USP10.dll
0x76bd0000 - 0x76c30000 	C:\Windows\system32\IMM32.DLL
0x773b0000 - 0x7747c000 	C:\Windows\syswow64\MSCTF.dll
0x7c340000 - 0x7c396000 	C:\Program Files (x86)\Java\jre6\bin\msvcr71.dll
0x6d7f0000 - 0x6da9f000 	C:\Program Files (x86)\Java\jre6\bin\client\jvm.dll
0x704c0000 - 0x704f2000 	C:\Windows\system32\WINMM.dll
0x712e0000 - 0x7132b000 	C:\Windows\system32\apphelp.dll
0x6d7a0000 - 0x6d7ac000 	C:\Program Files (x86)\Java\jre6\bin\verify.dll
0x6d320000 - 0x6d33f000 	C:\Program Files (x86)\Java\jre6\bin\java.dll
0x77ab0000 - 0x77ab5000 	C:\Windows\system32\PSAPI.DLL
0x6d370000 - 0x6d39a000 	C:\Program Files (x86)\Java\jre6\bin\jdwp.dll
0x6d690000 - 0x6d696000 	C:\Program Files (x86)\Java\jre6\bin\npt.dll
0x6d7e0000 - 0x6d7ef000 	C:\Program Files (x86)\Java\jre6\bin\zip.dll
0x6d200000 - 0x6d207000 	C:\Program Files (x86)\Java\jre6\bin\dt_socket.dll
0x76c50000 - 0x76c85000 	C:\Windows\syswow64\WS2_32.dll
0x76b10000 - 0x76b16000 	C:\Windows\syswow64\NSI.dll
0x73a50000 - 0x73a60000 	C:\Windows\system32\NLAapi.dll
0x73a70000 - 0x73aac000 	C:\Windows\System32\mswsock.dll
0x73a00000 - 0x73a44000 	C:\Windows\system32\DNSAPI.dll
0x739f0000 - 0x739f8000 	C:\Windows\System32\winrnr.dll
0x739e0000 - 0x739f0000 	C:\Windows\system32\napinsp.dll
0x739c0000 - 0x739d2000 	C:\Windows\system32\pnrpnsp.dll
0x739b0000 - 0x739bd000 	C:\Windows\system32\wshbth.dll
0x73980000 - 0x739a7000 	C:\Program Files (x86)\Common Files\Microsoft Shared\Windows Live\WLIDNSP.DLL
0x758a0000 - 0x758f7000 	C:\Windows\syswow64\SHLWAPI.dll
0x73960000 - 0x7397c000 	C:\Windows\system32\IPHLPAPI.DLL
0x73950000 - 0x73957000 	C:\Windows\system32\WINNSI.DLL
0x73910000 - 0x73948000 	C:\Windows\System32\fwpuclnt.dll
0x73900000 - 0x73906000 	C:\Windows\system32\rasadhlp.dll
0x73a60000 - 0x73a65000 	C:\Windows\System32\wshtcpip.dll
0x6d000000 - 0x6d14b000 	C:\Program Files (x86)\Java\jre6\bin\awt.dll
0x70db0000 - 0x70e01000 	C:\Windows\system32\WINSPOOL.DRV
0x774a0000 - 0x775fc000 	C:\Windows\syswow64\ole32.dll
0x733d0000 - 0x7356e000 	C:\Windows\WinSxS\x86_microsoft.windows.common-controls_6595b64144ccf1df_6.0.7600.16661_none_420fe3fa2b8113bd\COMCTL32.dll
0x73340000 - 0x733c4000 	C:\Windows\WinSxS\x86_microsoft.windows.common-controls_6595b64144ccf1df_5.82.7600.16661_none_ebfb56996c72aefc\comctl32.dll
0x73dd0000 - 0x73de3000 	C:\Windows\system32\DWMAPI.DLL
0x71d70000 - 0x71df0000 	C:\Windows\system32\uxtheme.dll
0x6d230000 - 0x6d27f000 	C:\Program Files (x86)\Java\jre6\bin\fontmanager.dll
0x605c0000 - 0x605ce000 	C:\ProgramData\Real\RealPlayer\BrowserRecordPlugin\Chrome\Hook\rpchrome10browserrecordhelper.dll
0x751c0000 - 0x75263000 	C:\Windows\WinSxS\x86_microsoft.vc90.crt_1fc8b3b9a1e18e3b_9.0.30729.6161_none_50934f2ebcb7eb57\MSVCR90.dll
0x75ba0000 - 0x767e9000 	C:\Windows\syswow64\SHELL32.dll
0x75130000 - 0x751be000 	C:\Windows\WinSxS\x86_microsoft.vc90.crt_1fc8b3b9a1e18e3b_9.0.30729.6161_none_50934f2ebcb7eb57\MSVCP90.dll
0x18b70000 - 0x18b78000 	c:\PROGRA~2\mcafee\SITEAD~1\saHook.dll
0x195e0000 - 0x1965c000 	C:\Program Files (x86)\DigitalPersona\Bin\DpoFeedb.dll
0x76980000 - 0x76a0f000 	C:\Windows\syswow64\OLEAUT32.dll
0x75110000 - 0x75127000 	C:\Windows\system32\USERENV.dll
0x75100000 - 0x7510b000 	C:\Windows\system32\profapi.dll
0x6d480000 - 0x6d643000 	C:\Windows\system32\d3d9.dll
0x752e0000 - 0x752e9000 	C:\Windows\system32\VERSION.dll
0x6c400000 - 0x6c406000 	C:\Windows\system32\d3d8thk.dll
0x6c100000 - 0x6c3fd000 	C:\Windows\system32\atiumdag.dll
0x6be20000 - 0x6c0f4000 	C:\Windows\system32\atiumdva.dll
0x197d0000 - 0x1982b000 	C:\Program Files (x86)\DigitalPersona\Bin\DpoSet.dll
0x1ba00000 - 0x1ba13000 	C:\Program Files (x86)\Java\jre6\bin\net.dll
0x6f1c0000 - 0x6f1c6000 	C:\Windows\System32\wship6.dll
0x1ba20000 - 0x1ba29000 	C:\Program Files (x86)\Java\jre6\bin\nio.dll
0x75a00000 - 0x75b9d000 	C:\Windows\syswow64\SETUPAPI.dll
0x76ae0000 - 0x76b07000 	C:\Windows\syswow64\CFGMGR32.dll
0x76c30000 - 0x76c42000 	C:\Windows\syswow64\DEVOBJ.dll
0x76b20000 - 0x76ba3000 	C:\Windows\syswow64\CLBCatQ.DLL
0x702c0000 - 0x703b5000 	C:\Windows\system32\propsys.dll
0x738b0000 - 0x738d1000 	C:\Windows\system32\ntmarta.dll
0x76c90000 - 0x76cd5000 	C:\Windows\syswow64\WLDAP32.dll
0x68710000 - 0x688a8000 	C:\Windows\system32\NetworkExplorer.dll
0x6ed20000 - 0x6ed4e000 	C:\Windows\System32\shdocvw.dll
0x1ba50000 - 0x1ba5a000 	C:\Windows\system32\slc.dll
0x70d90000 - 0x70da2000 	C:\Windows\system32\MPR.dll
0x6bdb0000 - 0x6bdb8000 	C:\Windows\System32\drprov.dll
0x73b60000 - 0x73b89000 	C:\Windows\System32\WINSTA.dll
0x6b810000 - 0x6b824000 	C:\Windows\System32\ntlanman.dll
0x1bc00000 - 0x1bc17000 	C:\Windows\System32\davclnt.dll
0x1bc20000 - 0x1bc28000 	C:\Windows\System32\DAVHLPR.dll
0x73c50000 - 0x73c5f000 	C:\Windows\system32\wkscli.dll
0x73c40000 - 0x73c4b000 	C:\Windows\system32\cscapi.dll
0x73b30000 - 0x73b39000 	C:\Windows\system32\netutils.dll
0x64b50000 - 0x64bd9000 	C:\Windows\system32\PortableDeviceApi.dll
0x776b0000 - 0x776dd000 	C:\Windows\syswow64\WINTRUST.dll
0x77160000 - 0x7727c000 	C:\Windows\syswow64\CRYPT32.dll
0x759f0000 - 0x759fc000 	C:\Windows\syswow64\MSASN1.dll
0x64c40000 - 0x64c62000 	C:\Windows\system32\EhStorAPI.dll
0x70410000 - 0x70419000 	C:\Windows\system32\LINKINFO.dll
0x64ab0000 - 0x64b4f000 	C:\Windows\system32\SearchFolder.dll
0x6a050000 - 0x6a07f000 	C:\Windows\system32\XmlLite.dll
0x73af0000 - 0x73b06000 	C:\Windows\system32\CRYPTSP.dll
0x73ab0000 - 0x73aeb000 	C:\Windows\system32\rsaenh.dll
0x73c90000 - 0x73c9e000 	C:\Windows\system32\RpcRtRemote.dll
0x73cb0000 - 0x73d9b000 	C:\Windows\system32\dbghelp.dll

VM Arguments:
jvm_args: -agentlib:jdwp=transport=dt_socket,suspend=y,address=localhost:50872 -Dfile.encoding=Cp1252 
java_command: org.scramble.ui.SwingApp
Launcher Type: SUN_STANDARD

Environment Variables:
PATH=C:\Ruby192\bin;C:\Program Files\Common Files\Microsoft Shared\Windows Live;C:\Program Files (x86)\Common Files\Microsoft Shared\Windows Live;C:\Ruby19\bin;C:\Windows\system32;C:\Windows;C:\Windows\System32\Wbem;C:\Windows\System32\WindowsPowerShell\v1.0\;C:\Program Files (x86)\ATI Technologies\ATI.ACE\Core-Static;C:\Program Files\WIDCOMM\Bluetooth Software\;C:\Program Files\WIDCOMM\Bluetooth Software\syswow64;C:\Program Files (x86)\MySQL\MySQL Server 5.5\bin;c:\Program Files (x86)\Microsoft SQL Server\100\Tools\Binn\;c:\Program Files\Microsoft SQL Server\100\Tools\Binn\;c:\Program Files\Microsoft SQL Server\100\DTS\Binn\;c:\Program Files (x86)\Microsoft SQL Server\100\Tools\Binn\VSShell\Common7\IDE\;c:\Program Files (x86)\Microsoft SQL Server\100\DTS\Binn\;C:\Python27\;C:\play;C:\Program Files (x86)\Windows Live\Shared;C:\Ruby192\bin
USERNAME=alan
OS=Windows_NT
PROCESSOR_IDENTIFIER=Intel64 Family 6 Model 23 Stepping 10, GenuineIntel



---------------  S Y S T E M  ---------------

OS: Windows 7 Build 7600 

CPU:total 2 (2 cores per cpu, 1 threads per core) family 6 model 23 stepping 10, cmov, cx8, fxsr, mmx, sse, sse2, sse3, ssse3, sse4.1

Memory: 4k page, physical 4160704k(1828892k free), swap 8319508k(5120036k free)

vm_info: Java HotSpot(TM) Client VM (20.1-b02) for windows-x86 JRE (1.6.0_26-b03), built on May  4 2011 00:50:59 by "java_re" with MS VC++ 7.1 (VS2003)

time: Tue Jul 19 22:55:25 2011
elapsed time: 248 seconds

